<?xml version="1.0" encoding="UTF-8"?>
<testng-results skipped="0" failed="0" ignored="0" total="3" passed="3">
  <reporter-output>
  </reporter-output>
  <suite name="Default suite" duration-ms="15001" started-at="2021-03-26T10:54:04Z" finished-at="2021-03-26T10:54:19Z">
    <groups>
    </groups>
    <test name="Default test" duration-ms="15001" started-at="2021-03-26T10:54:04Z" finished-at="2021-03-26T10:54:19Z">
      <class name="com.ebankingTestCases.Logintest">
        <test-method status="PASS" signature="setUp()[pri:0, instance:com.ebankingTestCases.Logintest@4501b7af]" name="setUp" is-config="true" duration-ms="2975" started-at="2021-03-26T10:54:04Z" finished-at="2021-03-26T10:54:07Z">
          <reporter-output>
          </reporter-output>
        </test-method> <!-- setUp -->
        <test-method status="PASS" signature="urlValidate()[pri:1, instance:com.ebankingTestCases.Logintest@4501b7af]" name="urlValidate" duration-ms="11086" started-at="2021-03-26T10:54:07Z" finished-at="2021-03-26T10:54:18Z">
          <reporter-output>
          </reporter-output>
        </test-method> <!-- urlValidate -->
        <test-method status="PASS" signature="userLoginValidate()[pri:2, instance:com.ebankingTestCases.Logintest@4501b7af]" name="userLoginValidate" duration-ms="468" started-at="2021-03-26T10:54:18Z" finished-at="2021-03-26T10:54:19Z">
          <reporter-output>
          </reporter-output>
        </test-method> <!-- userLoginValidate -->
        <test-method status="PASS" signature="companyAboutUs()[pri:3, instance:com.ebankingTestCases.Logintest@4501b7af]" name="companyAboutUs" duration-ms="415" started-at="2021-03-26T10:54:19Z" finished-at="2021-03-26T10:54:19Z">
          <reporter-output>
          </reporter-output>
        </test-method> <!-- companyAboutUs -->
        <test-method status="PASS" signature="teatDown()[pri:0, instance:com.ebankingTestCases.Logintest@4501b7af]" name="teatDown" is-config="true" duration-ms="1" started-at="2021-03-26T10:54:19Z" finished-at="2021-03-26T10:54:19Z">
          <reporter-output>
          </reporter-output>
        </test-method> <!-- teatDown -->
      </class> <!-- com.ebankingTestCases.Logintest -->
    </test> <!-- Default test -->
  </suite> <!-- Default suite -->
</testng-results>
