<?xml version="1.0" encoding="UTF-8"?>
<!-- Generated by org.testng.reporters.JUnitXMLReporter -->
<testsuite hostname="DESKTOP-3G4FMO6" ignored="0" name="Default test" tests="3" failures="0" timestamp="26 Mar 2021 10:54:19 GMT" time="15.001" errors="0">
  <testcase name="urlValidate" time="11.086" classname="com.ebankingTestCases.Logintest"/>
  <testcase name="userLoginValidate" time="0.468" classname="com.ebankingTestCases.Logintest"/>
  <testcase name="companyAboutUs" time="0.415" classname="com.ebankingTestCases.Logintest"/>
</testsuite> <!-- Default test -->
